<?xml version="1.0" encoding="UTF-8"?>
<testng-results skipped="0" failed="1" total="7" passed="6">
  <reporter-output>
  </reporter-output>
  <suite name="Default suite" duration-ms="284" started-at="2016-04-16T07:22:10Z" finished-at="2016-04-16T07:22:10Z">
    <groups>
    </groups>
    <test name="Default test" duration-ms="284" started-at="2016-04-16T07:22:10Z" finished-at="2016-04-16T07:22:10Z">
      <class name="com.ga.helpers.math.MyMathTests">
        <test-method status="PASS" signature="testDivideNumbers()[pri:0, instance:com.ga.helpers.math.MyMathTests@50f8360d]" name="testDivideNumbers" duration-ms="49" started-at="2016-04-16T00:22:10Z" finished-at="2016-04-16T00:22:10Z">
          <reporter-output>
          </reporter-output>
        </test-method> <!-- testDivideNumbers -->
        <test-method status="PASS" signature="testPowerNumbers(double, double, double)[pri:0, instance:com.ga.helpers.math.MyMathTests@50f8360d]" name="testPowerNumbers" duration-ms="15" started-at="2016-04-16T00:22:10Z" data-provider="Power Data" finished-at="2016-04-16T00:22:10Z">
          <params>
            <param index="0">
              <value>
                <![CDATA[2.0]]>
              </value>
            </param>
            <param index="1">
              <value>
                <![CDATA[2.0]]>
              </value>
            </param>
            <param index="2">
              <value>
                <![CDATA[4.0]]>
              </value>
            </param>
          </params>
          <reporter-output>
          </reporter-output>
        </test-method> <!-- testPowerNumbers -->
        <test-method status="PASS" signature="testPowerNumbers(double, double, double)[pri:0, instance:com.ga.helpers.math.MyMathTests@50f8360d]" name="testPowerNumbers" duration-ms="14" started-at="2016-04-16T00:22:10Z" data-provider="Power Data" finished-at="2016-04-16T00:22:10Z">
          <params>
            <param index="0">
              <value>
                <![CDATA[5.0]]>
              </value>
            </param>
            <param index="1">
              <value>
                <![CDATA[2.0]]>
              </value>
            </param>
            <param index="2">
              <value>
                <![CDATA[25.0]]>
              </value>
            </param>
          </params>
          <reporter-output>
          </reporter-output>
        </test-method> <!-- testPowerNumbers -->
        <test-method status="PASS" signature="testPowerNumbers(double, double, double)[pri:0, instance:com.ga.helpers.math.MyMathTests@50f8360d]" name="testPowerNumbers" duration-ms="6" started-at="2016-04-16T00:22:10Z" data-provider="Power Data" finished-at="2016-04-16T00:22:10Z">
          <params>
            <param index="0">
              <value>
                <![CDATA[4.0]]>
              </value>
            </param>
            <param index="1">
              <value>
                <![CDATA[3.0]]>
              </value>
            </param>
            <param index="2">
              <value>
                <![CDATA[64.0]]>
              </value>
            </param>
          </params>
          <reporter-output>
          </reporter-output>
        </test-method> <!-- testPowerNumbers -->
        <test-method status="PASS" signature="testPowerNumbers(double, double, double)[pri:0, instance:com.ga.helpers.math.MyMathTests@50f8360d]" name="testPowerNumbers" duration-ms="16" started-at="2016-04-16T00:22:10Z" data-provider="Power Data" finished-at="2016-04-16T00:22:10Z">
          <params>
            <param index="0">
              <value>
                <![CDATA[9.0]]>
              </value>
            </param>
            <param index="1">
              <value>
                <![CDATA[0.0]]>
              </value>
            </param>
            <param index="2">
              <value>
                <![CDATA[1.0]]>
              </value>
            </param>
          </params>
          <reporter-output>
          </reporter-output>
        </test-method> <!-- testPowerNumbers -->
        <test-method status="PASS" signature="testPowerNumbers(double, double, double)[pri:0, instance:com.ga.helpers.math.MyMathTests@50f8360d]" name="testPowerNumbers" duration-ms="6" started-at="2016-04-16T00:22:10Z" data-provider="Power Data" finished-at="2016-04-16T00:22:10Z">
          <params>
            <param index="0">
              <value>
                <![CDATA[3.0]]>
              </value>
            </param>
            <param index="1">
              <value>
                <![CDATA[1.0]]>
              </value>
            </param>
            <param index="2">
              <value>
                <![CDATA[3.0]]>
              </value>
            </param>
          </params>
          <reporter-output>
          </reporter-output>
        </test-method> <!-- testPowerNumbers -->
        <test-method status="FAIL" signature="testPowerNumbers(double, double, double)[pri:0, instance:com.ga.helpers.math.MyMathTests@50f8360d]" name="testPowerNumbers" duration-ms="11" started-at="2016-04-16T00:22:10Z" data-provider="Power Data" finished-at="2016-04-16T00:22:10Z">
          <params>
            <param index="0">
              <value>
                <![CDATA[2.0]]>
              </value>
            </param>
            <param index="1">
              <value>
                <![CDATA[1.5]]>
              </value>
            </param>
            <param index="2">
              <value>
                <![CDATA[2.8]]>
              </value>
            </param>
          </params>
          <exception class="java.lang.AssertionError">
            <message>
              <![CDATA[The result of 2 with power 2 is4 expected [2.8] but found [4.0]]]>
            </message>
            <full-stacktrace>
              <![CDATA[java.lang.AssertionError: The result of 2 with power 2 is4 expected [2.8] but found [4.0]
	at org.testng.Assert.fail(Assert.java:94)
	at org.testng.Assert.failNotEquals(Assert.java:494)
	at org.testng.Assert.assertEquals(Assert.java:207)
	at com.ga.helpers.math.MyMathTests.testPowerNumbers(MyMathTests.java:110)
	at sun.reflect.NativeMethodAccessorImpl.invoke0(Native Method)
	at sun.reflect.NativeMethodAccessorImpl.invoke(NativeMethodAccessorImpl.java:62)
	at sun.reflect.DelegatingMethodAccessorImpl.invoke(DelegatingMethodAccessorImpl.java:43)
	at java.lang.reflect.Method.invoke(Method.java:497)
	at org.testng.internal.MethodInvocationHelper.invokeMethod(MethodInvocationHelper.java:85)
	at org.testng.internal.Invoker.invokeMethod(Invoker.java:696)
	at org.testng.internal.Invoker.invokeTestMethod(Invoker.java:882)
	at org.testng.internal.Invoker.invokeTestMethods(Invoker.java:1189)
	at org.testng.internal.TestMethodWorker.invokeTestMethods(TestMethodWorker.java:124)
	at org.testng.internal.TestMethodWorker.run(TestMethodWorker.java:108)
	at org.testng.TestRunner.privateRun(TestRunner.java:767)
	at org.testng.TestRunner.run(TestRunner.java:617)
	at org.testng.SuiteRunner.runTest(SuiteRunner.java:348)
	at org.testng.SuiteRunner.runSequentially(SuiteRunner.java:343)
	at org.testng.SuiteRunner.privateRun(SuiteRunner.java:305)
	at org.testng.SuiteRunner.run(SuiteRunner.java:254)
	at org.testng.SuiteRunnerWorker.runSuite(SuiteRunnerWorker.java:52)
	at org.testng.SuiteRunnerWorker.run(SuiteRunnerWorker.java:86)
	at org.testng.TestNG.runSuitesSequentially(TestNG.java:1224)
	at org.testng.TestNG.runSuitesLocally(TestNG.java:1149)
	at org.testng.TestNG.run(TestNG.java:1057)
	at org.testng.remote.AbstractRemoteTestNG.run(AbstractRemoteTestNG.java:126)
	at org.testng.remote.RemoteTestNG.initAndRun(RemoteTestNG.java:137)
	at org.testng.remote.RemoteTestNG.main(RemoteTestNG.java:58)
]]>
            </full-stacktrace>
          </exception> <!-- java.lang.AssertionError -->
          <reporter-output>
          </reporter-output>
        </test-method> <!-- testPowerNumbers -->
      </class> <!-- com.ga.helpers.math.MyMathTests -->
    </test> <!-- Default test -->
  </suite> <!-- Default suite -->
</testng-results>
